SF:lib\core\domain\entity\user_entity.dart
DA:14,3
DA:22,0
DA:23,0
DA:24,0
DA:25,0
DA:26,0
DA:27,0
DA:28,0
DA:29,0
DA:32,12
LF:10
LH:2
end_of_record
SF:lib\core\domain\entity\user_gender_entity.dart
DA:9,0
DA:12,0
DA:15,0
DA:22,0
DA:25,0
DA:26,0
DA:28,0
DA:29,0
DA:35,0
DA:38,0
DA:41,0
LF:11
LH:0
end_of_record
SF:lib\core\domain\entity\user_pal_entity.dart
DA:11,0
DA:14,0
DA:17,0
DA:20,0
DA:23,0
DA:30,0
DA:33,0
DA:34,0
DA:36,0
DA:37,0
DA:39,0
DA:40,0
DA:42,0
DA:43,0
LF:14
LH:0
end_of_record
SF:lib\core\domain\entity\user_weight_goal_entity.dart
DA:10,0
DA:14,0
DA:17,0
DA:20,0
DA:27,0
DA:30,0
DA:31,0
DA:33,0
DA:34,0
DA:36,0
DA:37,0
LF:11
LH:0
end_of_record
SF:lib\core\utils\calc\calorie_goal_calc.dart
DA:10,0
DA:12,0
DA:14,1
DA:15,1
DA:17,1
DA:20,2
DA:21,3
DA:22,1
DA:25,1
DA:27,1
DA:29,1
LF:11
LH:9
end_of_record
SF:lib\core\data\dbo\user_dbo.dart
DA:24,0
DA:32,0
DA:33,0
DA:34,0
DA:35,0
DA:36,0
DA:37,0
DA:38,0
DA:39,0
LF:9
LH:0
end_of_record
SF:lib\core\data\dbo\user_dbo.g.dart
DA:13,0
DA:15,0
DA:16,0
DA:17,0
DA:19,0
DA:20,0
DA:21,0
DA:22,0
DA:23,0
DA:24,0
DA:25,0
DA:29,0
DA:32,0
DA:33,0
DA:34,0
DA:35,0
DA:36,0
DA:37,0
DA:38,0
DA:39,0
DA:40,0
DA:41,0
DA:42,0
DA:43,0
DA:44,0
DA:47,0
DA:48,0
DA:50,0
DA:53,0
DA:54,0
DA:55,0
LF:31
LH:0
end_of_record
SF:lib\core\data\dbo\user_gender_dbo.g.dart
DA:13,0
DA:15,0
DA:16,0
DA:18,0
DA:25,0
DA:28,0
DA:29,0
DA:31,0
DA:32,0
DA:37,0
DA:38,0
DA:40,0
DA:43,0
DA:44,0
DA:45,0
LF:15
LH:0
end_of_record
SF:lib\core\data\dbo\user_gender_dbo.dart
DA:13,0
DA:16,0
DA:19,0
LF:3
LH:0
end_of_record
SF:lib\core\data\dbo\user_pal_dbo.dart
DA:17,0
DA:20,0
DA:23,0
DA:26,0
DA:29,0
LF:5
LH:0
end_of_record
SF:lib\core\data\dbo\user_pal_dbo.g.dart
DA:13,0
DA:15,0
DA:16,0
DA:18,0
DA:20,0
DA:22,0
DA:29,0
DA:32,0
DA:33,0
DA:35,0
DA:36,0
DA:38,0
DA:39,0
DA:41,0
DA:42,0
DA:47,0
DA:48,0
DA:50,0
DA:53,0
DA:54,0
DA:55,0
LF:21
LH:0
end_of_record
SF:lib\core\data\dbo\user_weight_goal_dbo.dart
DA:15,0
DA:19,0
DA:22,0
DA:25,0
LF:4
LH:0
end_of_record
SF:lib\core\data\dbo\user_weight_goal_dbo.g.dart
DA:13,0
DA:15,0
DA:16,0
DA:18,0
DA:20,0
DA:27,0
DA:30,0
DA:31,0
DA:33,0
DA:34,0
DA:36,0
DA:37,0
DA:42,0
DA:43,0
DA:45,0
DA:48,0
DA:49,0
DA:50,0
LF:18
LH:0
end_of_record
SF:lib\generated\l10n.dart
DA:16,1
DA:20,0
DA:21,0
DA:28,1
DA:29,1
DA:30,0
DA:31,1
DA:32,1
DA:33,3
DA:34,1
DA:35,1
DA:42,1
DA:43,1
DA:44,1
DA:49,1
DA:50,1
DA:54,0
DA:55,0
DA:59,0
DA:64,0
DA:65,0
DA:66,0
DA:69,0
DA:74,0
DA:75,0
DA:79,0
DA:84,0
DA:85,0
DA:89,0
DA:94,0
DA:95,0
DA:99,0
DA:104,0
DA:105,0
DA:109,0
DA:114,0
DA:115,0
DA:119,0
DA:124,0
DA:125,0
DA:129,0
DA:134,0
DA:135,0
DA:139,0
DA:144,0
DA:145,0
DA:149,0
DA:154,0
DA:155,0
DA:159,0
DA:164,0
DA:165,0
DA:169,0
DA:174,0
DA:175,0
DA:179,0
DA:184,0
DA:185,0
DA:189,0
DA:194,0
DA:195,0
DA:199,0
DA:204,0
DA:205,0
DA:209,0
DA:214,0
DA:215,0
DA:219,0
DA:224,0
DA:225,0
DA:229,0
DA:234,0
DA:235,0
DA:239,0
DA:244,0
DA:245,0
DA:249,0
DA:254,0
DA:255,0
DA:259,0
DA:264,0
DA:265,0
DA:269,0
DA:274,0
DA:275,0
DA:279,0
DA:284,0
DA:285,0
DA:289,0
DA:294,0
DA:295,0
DA:299,0
DA:304,0
DA:305,0
DA:309,0
DA:314,0
DA:315,0
DA:319,0
DA:324,0
DA:325,0
DA:329,0
DA:334,0
DA:335,0
DA:339,0
DA:344,0
DA:345,0
DA:349,0
DA:354,0
DA:355,0
DA:359,0
DA:364,0
DA:365,0
DA:369,0
DA:374,0
DA:375,0
DA:379,0
DA:384,0
DA:385,0
DA:389,0
DA:394,0
DA:395,0
DA:399,0
DA:404,0
DA:405,0
DA:409,0
DA:414,0
DA:415,0
DA:419,0
DA:424,0
DA:425,0
DA:429,0
DA:434,0
DA:435,0
DA:439,0
DA:444,0
DA:445,0
DA:449,0
DA:454,0
DA:455,0
DA:459,0
DA:464,0
DA:465,0
DA:469,0
DA:474,0
DA:475,0
DA:479,0
DA:484,0
DA:485,0
DA:489,0
DA:494,0
DA:495,0
DA:499,0
DA:504,0
DA:505,0
DA:509,0
DA:514,0
DA:515,0
DA:519,0
DA:524,0
DA:525,0
DA:529,0
DA:534,0
DA:535,0
DA:539,0
DA:544,0
DA:545,0
DA:549,0
DA:554,0
DA:555,0
DA:559,0
DA:564,0
DA:565,0
DA:569,0
DA:574,0
DA:575,0
DA:579,0
DA:584,0
DA:585,0
DA:589,0
DA:594,0
DA:595,0
DA:599,0
DA:604,0
DA:605,0
DA:609,0
DA:614,0
DA:615,0
DA:619,0
DA:624,0
DA:625,0
DA:629,0
DA:634,0
DA:635,0
DA:639,0
DA:644,0
DA:645,0
DA:649,0
DA:654,0
DA:655,0
DA:659,0
DA:664,0
DA:665,0
DA:669,0
DA:674,0
DA:675,0
DA:679,0
DA:684,0
DA:685,0
DA:689,0
DA:694,0
DA:695,0
DA:699,0
DA:704,0
DA:705,0
DA:709,0
DA:714,0
DA:715,0
DA:719,0
DA:724,0
DA:725,0
DA:729,0
DA:734,0
DA:735,0
DA:739,0
DA:744,0
DA:745,0
DA:749,0
DA:754,0
DA:755,0
DA:759,0
DA:764,0
DA:765,0
DA:769,0
DA:774,0
DA:775,0
DA:779,0
DA:784,0
DA:785,0
DA:789,0
DA:794,0
DA:795,0
DA:799,0
DA:804,0
DA:805,0
DA:809,0
DA:814,0
DA:816,0
DA:817,0
DA:820,0
DA:825,0
DA:826,0
DA:830,0
DA:835,0
DA:836,0
DA:840,0
DA:845,0
DA:846,0
DA:850,0
DA:855,0
DA:856,0
DA:860,0
DA:865,0
DA:866,0
DA:870,0
DA:875,0
DA:876,0
DA:880,0
DA:885,0
DA:886,0
DA:890,0
DA:895,0
DA:896,0
DA:900,0
DA:905,0
DA:906,0
DA:910,0
DA:915,0
DA:916,0
DA:920,0
DA:925,0
DA:926,0
DA:930,0
DA:935,0
DA:936,0
DA:940,0
DA:945,0
DA:946,0
DA:950,0
DA:955,0
DA:956,0
DA:960,0
DA:965,0
DA:966,0
DA:970,0
DA:975,0
DA:976,0
DA:980,0
DA:985,0
DA:986,0
DA:990,0
DA:995,0
DA:996,0
DA:1000,0
DA:1005,0
DA:1006,0
DA:1010,0
DA:1015,0
DA:1016,0
DA:1020,0
DA:1025,0
DA:1026,0
DA:1030,0
DA:1035,0
DA:1036,0
DA:1040,0
DA:1045,0
DA:1046,0
DA:1050,0
DA:1055,0
DA:1056,0
DA:1060,0
DA:1065,0
DA:1066,0
DA:1070,0
DA:1075,0
DA:1076,0
DA:1080,0
DA:1085,0
DA:1086,0
DA:1090,0
DA:1095,0
DA:1096,0
DA:1100,0
DA:1105,0
DA:1106,0
DA:1110,0
DA:1115,0
DA:1116,0
DA:1120,0
DA:1125,0
DA:1126,0
DA:1130,0
DA:1135,0
DA:1136,0
DA:1140,0
DA:1145,1
DA:1146,1
DA:1150,1
DA:1155,1
DA:1156,1
DA:1160,1
DA:1165,1
DA:1166,1
DA:1170,1
DA:1175,0
DA:1176,0
DA:1180,0
DA:1185,0
DA:1186,0
DA:1190,0
DA:1195,1
DA:1196,1
DA:1200,1
DA:1205,1
DA:1206,1
DA:1210,1
DA:1215,1
DA:1216,1
DA:1220,1
DA:1225,0
DA:1226,0
DA:1230,0
DA:1235,0
DA:1236,0
DA:1240,0
DA:1245,0
DA:1246,0
DA:1250,0
DA:1255,0
DA:1256,0
DA:1260,0
DA:1265,0
DA:1266,0
DA:1270,0
DA:1275,0
DA:1276,0
DA:1280,0
DA:1285,0
DA:1286,0
DA:1290,0
DA:1295,0
DA:1296,0
DA:1300,0
DA:1305,0
DA:1306,0
DA:1310,0
DA:1315,0
DA:1316,0
DA:1320,0
DA:1325,0
DA:1326,0
DA:1330,0
DA:1335,0
DA:1336,0
DA:1340,0
DA:1345,0
DA:1346,0
DA:1350,0
DA:1355,0
DA:1356,0
DA:1360,0
DA:1365,0
DA:1366,0
DA:1370,0
DA:1375,0
DA:1376,0
DA:1380,0
DA:1385,0
DA:1386,0
DA:1390,0
DA:1395,0
DA:1396,0
DA:1400,0
DA:1405,0
DA:1406,0
DA:1410,0
DA:1415,0
DA:1416,0
DA:1420,0
DA:1425,0
DA:1426,0
DA:1430,0
DA:1435,0
DA:1436,0
DA:1440,0
DA:1445,0
DA:1446,0
DA:1450,0
DA:1455,0
DA:1456,0
DA:1460,0
DA:1465,0
DA:1466,0
DA:1470,0
DA:1475,0
DA:1476,0
DA:1480,0
DA:1485,0
DA:1486,0
DA:1490,0
DA:1495,0
DA:1496,0
DA:1500,0
DA:1505,0
DA:1506,0
DA:1510,0
DA:1515,0
DA:1516,0
DA:1520,0
DA:1525,0
DA:1526,0
DA:1530,0
DA:1535,0
DA:1536,0
DA:1540,0
DA:1545,0
DA:1546,0
DA:1550,0
DA:1555,0
DA:1556,0
DA:1560,0
DA:1565,0
DA:1566,0
DA:1570,0
DA:1575,0
DA:1576,0
DA:1580,0
DA:1585,0
DA:1586,0
DA:1590,0
DA:1595,0
DA:1596,0
DA:1600,0
DA:1605,0
DA:1606,0
DA:1610,0
DA:1615,0
DA:1616,0
DA:1620,0
DA:1625,0
DA:1626,0
DA:1630,0
DA:1635,0
DA:1636,0
DA:1640,0
DA:1645,0
DA:1646,0
DA:1650,0
DA:1655,0
DA:1656,0
DA:1660,0
DA:1665,0
DA:1666,0
DA:1670,0
DA:1675,0
DA:1676,0
DA:1680,0
DA:1685,0
DA:1686,0
DA:1690,0
DA:1695,0
DA:1696,0
DA:1700,0
DA:1705,0
DA:1706,0
DA:1710,0
DA:1715,0
DA:1716,0
DA:1720,0
DA:1725,0
DA:1726,0
DA:1730,0
DA:1735,0
DA:1736,0
DA:1740,0
DA:1745,0
DA:1746,0
DA:1750,0
DA:1755,0
DA:1756,0
DA:1760,0
DA:1765,0
DA:1766,0
DA:1770,0
DA:1775,0
DA:1776,0
DA:1780,0
DA:1785,0
DA:1786,0
DA:1790,0
DA:1795,0
DA:1796,0
DA:1800,0
DA:1805,0
DA:1806,0
DA:1810,0
DA:1815,0
DA:1816,0
DA:1820,0
DA:1825,0
DA:1826,0
DA:1830,0
DA:1835,0
DA:1836,0
DA:1840,0
DA:1845,0
DA:1846,0
DA:1850,0
DA:1855,0
DA:1856,0
DA:1860,0
DA:1865,0
DA:1866,0
DA:1870,0
DA:1875,0
DA:1876,0
DA:1880,0
DA:1885,0
DA:1886,0
DA:1890,0
DA:1895,0
DA:1896,0
DA:1900,0
DA:1905,0
DA:1906,0
DA:1907,0
DA:1910,0
DA:1915,0
DA:1916,0
DA:1920,0
DA:1925,0
DA:1926,0
DA:1930,0
DA:1935,0
DA:1936,0
DA:1940,0
DA:1945,0
DA:1946,0
DA:1950,0
DA:1955,0
DA:1956,0
DA:1960,0
DA:1965,0
DA:1966,0
DA:1970,0
DA:1975,0
DA:1976,0
DA:1980,0
DA:1985,0
DA:1986,0
DA:1990,0
DA:1995,0
DA:1996,0
DA:2000,0
DA:2005,0
DA:2006,0
DA:2010,0
DA:2015,0
DA:2016,0
DA:2020,0
DA:2025,0
DA:2026,0
DA:2027,0
DA:2030,0
DA:2035,0
DA:2036,0
DA:2040,0
DA:2045,0
DA:2046,0
DA:2050,0
DA:2055,0
DA:2056,0
DA:2060,0
DA:2065,0
DA:2066,0
DA:2070,0
DA:2075,0
DA:2076,0
DA:2080,0
DA:2085,0
DA:2086,0
DA:2090,0
DA:2095,0
DA:2096,0
DA:2100,0
DA:2105,0
DA:2106,0
DA:2110,0
DA:2115,0
DA:2116,0
DA:2120,0
DA:2125,0
DA:2126,0
DA:2130,0
DA:2135,0
DA:2136,0
DA:2140,0
DA:2145,0
DA:2146,0
DA:2150,0
DA:2155,0
DA:2156,0
DA:2160,0
DA:2165,0
DA:2166,0
DA:2170,0
DA:2175,0
DA:2176,0
DA:2180,0
DA:2185,0
DA:2186,0
DA:2190,0
DA:2195,0
DA:2196,0
DA:2200,0
DA:2205,0
DA:2206,0
DA:2210,0
DA:2215,0
DA:2216,0
DA:2220,0
DA:2225,0
DA:2226,0
DA:2230,0
DA:2235,0
DA:2236,0
DA:2240,0
DA:2245,0
DA:2246,0
DA:2250,0
DA:2255,0
DA:2256,0
DA:2260,0
DA:2265,0
DA:2266,0
DA:2270,0
DA:2275,0
DA:2276,0
DA:2280,0
DA:2285,0
DA:2286,0
DA:2290,0
DA:2295,0
DA:2296,0
DA:2300,0
DA:2305,0
DA:2306,0
DA:2310,0
DA:2315,0
DA:2316,0
DA:2320,0
DA:2325,0
DA:2326,0
DA:2330,0
DA:2335,0
DA:2336,0
DA:2340,0
DA:2345,0
DA:2346,0
DA:2350,0
DA:2355,0
DA:2356,0
DA:2360,0
DA:2365,0
DA:2366,0
DA:2370,0
DA:2375,0
DA:2376,0
DA:2380,0
DA:2385,0
DA:2386,0
DA:2390,0
DA:2395,0
DA:2396,0
DA:2400,0
DA:2405,0
DA:2406,0
DA:2410,0
DA:2415,0
DA:2416,0
DA:2420,0
DA:2425,0
DA:2426,0
DA:2430,0
DA:2435,0
DA:2436,0
DA:2440,0
DA:2445,0
DA:2446,0
DA:2450,0
DA:2455,0
DA:2456,0
DA:2460,0
DA:2465,0
DA:2466,0
DA:2470,0
DA:2475,0
DA:2476,0
DA:2480,0
DA:2485,0
DA:2486,0
DA:2490,0
DA:2495,0
DA:2496,0
DA:2500,0
DA:2505,0
DA:2506,0
DA:2510,0
DA:2515,0
DA:2516,0
DA:2520,0
DA:2525,0
DA:2526,0
DA:2530,0
DA:2535,0
DA:2536,0
DA:2540,0
DA:2545,0
DA:2546,0
DA:2550,0
DA:2555,0
DA:2556,0
DA:2560,0
DA:2565,0
DA:2566,0
DA:2570,0
DA:2575,0
DA:2576,0
DA:2580,0
DA:2585,0
DA:2586,0
DA:2590,0
DA:2595,0
DA:2596,0
DA:2600,0
DA:2605,0
DA:2606,0
DA:2610,0
DA:2615,0
DA:2616,0
DA:2620,0
DA:2625,0
DA:2626,0
DA:2630,0
DA:2635,0
DA:2636,0
DA:2640,0
DA:2645,0
DA:2646,0
DA:2650,0
DA:2655,0
DA:2656,0
DA:2660,0
DA:2665,0
DA:2666,0
DA:2670,0
DA:2675,0
DA:2676,0
DA:2680,0
DA:2685,0
DA:2686,0
DA:2690,0
DA:2695,0
DA:2696,0
DA:2700,0
DA:2705,0
DA:2706,0
DA:2710,0
DA:2715,0
DA:2716,0
DA:2720,0
DA:2725,0
DA:2726,0
DA:2730,0
DA:2735,0
DA:2736,0
DA:2740,0
DA:2745,0
DA:2746,0
DA:2750,0
DA:2755,0
DA:2756,0
DA:2760,0
DA:2765,0
DA:2766,0
DA:2770,0
DA:2775,0
DA:2776,0
DA:2780,0
DA:2785,0
DA:2786,0
DA:2790,0
DA:2795,0
DA:2796,0
DA:2800,0
DA:2805,0
DA:2806,0
DA:2810,0
DA:2815,0
DA:2816,0
DA:2820,0
DA:2825,0
DA:2826,0
DA:2830,0
DA:2835,0
DA:2836,0
DA:2840,0
DA:2845,0
DA:2846,0
DA:2850,0
DA:2855,0
DA:2856,0
DA:2860,0
DA:2865,0
DA:2866,0
DA:2870,0
DA:2875,0
DA:2876,0
DA:2880,0
DA:2885,0
DA:2886,0
DA:2890,0
DA:2895,0
DA:2896,0
DA:2900,0
DA:2905,0
DA:2906,0
DA:2910,0
DA:2915,0
DA:2916,0
DA:2920,0
DA:2925,0
DA:2926,0
DA:2930,0
DA:2935,0
DA:2936,0
DA:2940,0
DA:2945,0
DA:2946,0
DA:2950,0
DA:2955,0
DA:2956,0
DA:2960,0
DA:2965,0
DA:2966,0
DA:2970,0
DA:2975,0
DA:2976,0
DA:2980,0
DA:2985,0
DA:2986,0
DA:2990,0
DA:2995,0
DA:2996,0
DA:3000,0
DA:3005,0
DA:3006,0
DA:3010,0
DA:3015,0
DA:3016,0
DA:3020,0
DA:3025,0
DA:3026,0
DA:3030,0
DA:3035,0
DA:3036,0
DA:3040,0
DA:3045,0
DA:3046,0
DA:3050,0
DA:3055,0
DA:3056,0
DA:3060,0
DA:3065,0
DA:3066,0
DA:3070,0
DA:3075,0
DA:3076,0
DA:3080,0
DA:3085,0
DA:3086,0
DA:3090,0
DA:3095,0
DA:3096,0
DA:3100,0
DA:3105,0
DA:3106,0
DA:3110,0
DA:3115,0
DA:3116,0
DA:3120,0
DA:3125,0
DA:3126,0
DA:3130,0
DA:3135,0
DA:3136,0
DA:3140,0
DA:3145,0
DA:3146,0
DA:3150,0
DA:3155,0
DA:3156,0
DA:3160,0
DA:3165,0
DA:3166,0
DA:3170,0
DA:3175,0
DA:3176,0
DA:3180,0
DA:3185,0
DA:3186,0
DA:3190,0
DA:3195,0
DA:3196,0
DA:3200,0
DA:3205,0
DA:3206,0
DA:3210,0
DA:3215,0
DA:3216,0
DA:3220,0
DA:3225,0
DA:3226,0
DA:3230,0
DA:3235,0
DA:3236,0
DA:3240,0
DA:3245,0
DA:3246,0
DA:3250,0
DA:3255,0
DA:3256,0
DA:3260,0
DA:3265,0
DA:3266,0
DA:3270,0
DA:3275,0
DA:3276,0
DA:3280,0
DA:3285,0
DA:3286,0
DA:3290,0
DA:3295,0
DA:3296,0
DA:3300,0
DA:3305,0
DA:3306,0
DA:3310,0
DA:3315,0
DA:3316,0
DA:3320,0
DA:3325,0
DA:3326,0
DA:3330,0
DA:3335,0
DA:3336,0
DA:3340,0
DA:3345,0
DA:3346,0
DA:3350,0
DA:3355,0
DA:3356,0
DA:3360,0
DA:3365,0
DA:3366,0
DA:3370,0
DA:3375,0
DA:3376,0
DA:3380,0
DA:3385,0
DA:3386,0
DA:3390,0
DA:3395,0
DA:3396,0
DA:3400,0
DA:3405,0
DA:3406,0
DA:3410,0
DA:3415,0
DA:3416,0
DA:3420,0
DA:3425,0
DA:3426,0
DA:3430,0
DA:3435,0
DA:3436,0
DA:3440,0
DA:3445,0
DA:3446,0
DA:3450,0
DA:3455,0
DA:3456,0
DA:3460,0
DA:3465,0
DA:3466,0
DA:3470,0
DA:3475,0
DA:3476,0
DA:3480,0
DA:3485,0
DA:3486,0
DA:3490,0
DA:3495,0
DA:3496,0
DA:3500,0
DA:3505,0
DA:3506,0
DA:3510,0
DA:3515,0
DA:3516,0
DA:3520,0
DA:3525,0
DA:3526,0
DA:3530,0
DA:3535,0
DA:3536,0
DA:3540,0
DA:3545,0
DA:3546,0
DA:3550,0
DA:3555,0
DA:3556,0
DA:3560,0
DA:3565,0
DA:3566,0
DA:3570,0
DA:3575,0
DA:3576,0
DA:3580,0
DA:3585,0
DA:3586,0
DA:3590,0
DA:3595,0
DA:3596,0
DA:3600,0
DA:3605,0
DA:3606,0
DA:3610,0
DA:3615,0
DA:3616,0
DA:3620,0
DA:3625,0
DA:3626,0
DA:3630,0
DA:3635,0
DA:3636,0
DA:3640,0
DA:3645,0
DA:3646,0
DA:3650,0
DA:3655,0
DA:3656,0
DA:3660,0
DA:3665,0
DA:3666,0
DA:3670,0
DA:3675,0
DA:3676,0
DA:3680,0
DA:3685,0
DA:3686,0
DA:3690,0
DA:3695,0
DA:3696,0
DA:3700,0
DA:3705,0
DA:3706,0
DA:3710,0
DA:3715,0
DA:3716,0
DA:3720,0
DA:3725,0
DA:3726,0
DA:3730,0
DA:3735,0
DA:3736,0
DA:3740,0
DA:3745,0
DA:3746,0
DA:3750,0
DA:3755,0
DA:3756,0
DA:3760,0
DA:3765,0
DA:3766,0
DA:3770,0
DA:3775,0
DA:3776,0
DA:3780,0
DA:3785,0
DA:3786,0
DA:3790,0
DA:3795,0
DA:3796,0
DA:3800,0
DA:3805,0
DA:3806,0
DA:3810,0
DA:3815,0
DA:3816,0
DA:3820,0
DA:3825,0
DA:3826,0
DA:3830,0
DA:3835,0
DA:3836,0
DA:3840,0
DA:3845,0
DA:3846,0
DA:3850,0
DA:3855,0
DA:3856,0
DA:3860,0
DA:3865,0
DA:3866,0
DA:3870,0
DA:3875,0
DA:3876,0
DA:3880,0
DA:3885,0
DA:3886,0
DA:3890,0
DA:3895,0
DA:3896,0
DA:3900,0
DA:3905,0
DA:3906,0
DA:3910,0
DA:3915,0
DA:3916,0
DA:3920,0
DA:3925,0
DA:3926,0
DA:3930,0
DA:3935,0
DA:3936,0
DA:3940,0
DA:3945,0
DA:3946,0
DA:3950,0
DA:3955,0
DA:3956,0
DA:3960,0
DA:3965,0
DA:3966,0
DA:3970,0
DA:3975,0
DA:3976,0
DA:3980,0
DA:3985,0
DA:3986,0
DA:3990,0
DA:3995,0
DA:3996,0
DA:4000,0
DA:4005,0
DA:4006,0
DA:4010,0
DA:4015,0
DA:4016,0
DA:4020,0
DA:4025,0
DA:4026,0
DA:4030,0
DA:4035,0
DA:4036,0
DA:4040,0
DA:4045,0
DA:4046,0
DA:4050,0
DA:4055,0
DA:4056,0
DA:4060,0
DA:4065,0
DA:4066,0
DA:4070,0
DA:4075,0
DA:4076,0
DA:4080,0
DA:4085,0
DA:4086,0
DA:4090,0
DA:4095,0
DA:4096,0
DA:4100,0
DA:4105,0
DA:4106,0
DA:4110,0
DA:4115,0
DA:4116,0
DA:4120,0
DA:4125,0
DA:4126,0
DA:4130,0
DA:4135,0
DA:4136,0
DA:4140,0
DA:4145,0
DA:4146,0
DA:4150,0
DA:4156,6
DA:4158,1
DA:4166,1
DA:4167,1
DA:4168,1
DA:4169,1
DA:4170,0
DA:4173,1
DA:4174,2
DA:4175,3
LF:1260
LH:40
end_of_record
SF:lib\core\utils\calc\bmr_calc.dart
DA:11,0
DA:13,0
DA:14,0
DA:15,0
DA:16,0
DA:17,0
DA:18,0
DA:20,0
DA:21,0
DA:22,0
DA:23,0
DA:24,0
DA:37,0
DA:39,0
DA:40,0
DA:41,0
DA:42,0
DA:43,0
DA:44,0
DA:46,0
DA:47,0
DA:48,0
DA:49,0
DA:50,0
DA:63,0
DA:65,0
DA:66,0
DA:69,0
DA:73,0
DA:82,0
DA:84,0
DA:85,0
DA:86,0
DA:87,0
DA:88,0
DA:90,0
DA:91,0
DA:93,0
DA:94,0
DA:96,0
DA:97,0
DA:99,0
DA:100,0
DA:103,0
DA:106,0
DA:107,0
DA:108,0
DA:110,0
DA:111,0
DA:113,0
DA:114,0
DA:116,0
DA:117,0
DA:119,0
DA:120,0
DA:123,0
LF:56
LH:0
end_of_record
SF:lib\core\utils\calc\tdee_calc.dart
DA:12,0
DA:13,0
DA:14,0
DA:15,0
DA:27,2
DA:29,4
DA:30,2
DA:31,6
DA:32,2
DA:33,4
DA:34,2
DA:35,4
DA:36,6
DA:38,2
DA:39,6
DA:40,2
DA:41,4
DA:42,2
DA:43,4
DA:44,6
LF:20
LH:16
end_of_record
SF:lib\core\utils\calc\pal_calc.dart
DA:15,2
DA:17,2
DA:18,2
DA:21,2
DA:24,2
DA:27,0
DA:44,2
DA:46,2
DA:48,2
DA:49,0
DA:52,2
DA:55,0
LF:12
LH:9
end_of_record
SF:lib\generated\intl\messages_all.dart
DA:24,3
DA:25,0
DA:26,2
DA:27,0
DA:30,1
DA:32,1
DA:33,0
DA:34,1
DA:35,1
DA:36,0
DA:37,0
DA:44,1
DA:45,1
DA:46,3
DA:47,0
DA:49,0
DA:51,2
DA:52,1
DA:53,3
DA:54,2
DA:55,1
DA:58,1
DA:60,1
DA:66,1
DA:68,1
DA:70,1
LF:26
LH:19
end_of_record
SF:lib\generated\intl\messages_de.dart
DA:16,0
DA:21,0
DA:23,0
DA:25,0
DA:26,0
DA:28,0
DA:30,0
DA:33,0
DA:34,0
DA:36,0
DA:38,0
DA:39,0
DA:40,0
DA:43,0
DA:44,0
DA:46,0
DA:49,0
DA:50,0
DA:51,0
DA:52,0
DA:53,0
DA:56,0
DA:57,0
DA:59,0
DA:60,0
DA:62,0
DA:63,0
DA:65,0
DA:66,0
DA:67,0
DA:69,0
DA:70,0
DA:71,0
DA:72,0
DA:74,0
DA:78,0
DA:79,0
DA:82,0
DA:84,0
DA:85,0
DA:87,0
DA:88,0
DA:89,0
DA:91,0
DA:94,0
DA:95,0
DA:97,0
DA:100,0
DA:101,0
DA:103,0
DA:104,0
DA:106,0
DA:109,0
DA:111,0
DA:112,0
DA:114,0
DA:115,0
DA:116,0
DA:117,0
DA:118,0
DA:120,0
DA:121,0
DA:124,0
DA:126,0
DA:127,0
DA:128,0
DA:130,0
DA:132,0
DA:134,0
DA:136,0
DA:139,0
DA:140,0
DA:141,0
DA:144,0
DA:145,0
DA:148,0
DA:149,0
DA:150,0
DA:151,0
DA:152,0
DA:153,0
DA:154,0
DA:156,0
DA:157,0
DA:159,0
DA:161,0
DA:162,0
DA:163,0
DA:164,0
DA:165,0
DA:166,0
DA:168,0
DA:170,0
DA:172,0
DA:174,0
DA:175,0
DA:176,0
DA:177,0
DA:178,0
DA:180,0
DA:182,0
DA:183,0
DA:185,0
DA:187,0
DA:189,0
DA:190,0
DA:192,0
DA:194,0
DA:196,0
DA:198,0
DA:199,0
DA:200,0
DA:202,0
DA:204,0
DA:207,0
DA:208,0
DA:210,0
DA:212,0
DA:214,0
DA:216,0
DA:218,0
DA:220,0
DA:222,0
DA:224,0
DA:226,0
DA:228,0
DA:231,0
DA:233,0
DA:235,0
DA:237,0
DA:238,0
DA:241,0
DA:244,0
DA:246,0
DA:248,0
DA:250,0
DA:251,0
DA:254,0
DA:256,0
DA:257,0
DA:260,0
DA:262,0
DA:263,0
DA:266,0
DA:268,0
DA:271,0
DA:272,0
DA:274,0
DA:277,0
DA:278,0
DA:280,0
DA:282,0
DA:284,0
DA:286,0
DA:288,0
DA:289,0
DA:291,0
DA:293,0
DA:295,0
DA:296,0
DA:297,0
DA:300,0
DA:302,0
DA:303,0
DA:305,0
DA:307,0
DA:309,0
DA:311,0
DA:313,0
DA:314,0
DA:316,0
DA:317,0
DA:319,0
DA:320,0
DA:321,0
DA:322,0
DA:324,0
DA:325,0
DA:326,0
DA:328,0
DA:329,0
DA:331,0
DA:332,0
DA:335,0
DA:336,0
DA:337,0
DA:338,0
DA:340,0
DA:341,0
DA:344,0
DA:346,0
DA:347,0
DA:348,0
DA:350,0
DA:351,0
DA:352,0
DA:353,0
DA:355,0
DA:357,0
DA:359,0
DA:360,0
DA:362,0
DA:364,0
DA:365,0
DA:366,0
DA:369,0
DA:371,0
DA:372,0
DA:373,0
DA:374,0
DA:375,0
DA:376,0
DA:377,0
DA:378,0
DA:380,0
DA:382,0
DA:383,0
DA:384,0
DA:385,0
DA:387,0
DA:388,0
DA:389,0
DA:390,0
DA:392,0
DA:393,0
DA:394,0
DA:395,0
DA:396,0
DA:398,0
DA:400,0
DA:401,0
DA:403,0
DA:404,0
DA:405,0
DA:406,0
DA:408,0
DA:409,0
DA:411,0
DA:413,0
DA:415,0
DA:416,0
DA:417,0
DA:418,0
DA:420,0
DA:421,0
DA:422,0
DA:424,0
DA:426,0
DA:427,0
DA:428,0
DA:429,0
DA:430,0
DA:431,0
DA:433,0
DA:435,0
DA:436,0
DA:439,0
DA:440,0
DA:442,0
DA:443,0
DA:445,0
DA:447,0
DA:449,0
DA:450,0
DA:452,0
DA:453,0
DA:454,0
DA:455,0
DA:456,0
DA:458,0
DA:459,0
DA:461,0
DA:462,0
DA:463,0
DA:465,0
DA:466,0
DA:469,0
DA:470,0
DA:473,0
DA:475,0
DA:477,0
DA:478,0
DA:481,0
DA:483,0
DA:484,0
DA:485,0
DA:487,0
DA:488,0
DA:490,0
DA:492,0
DA:493,0
DA:494,0
DA:496,0
DA:497,0
DA:499,0
DA:501,0
DA:503,0
DA:505,0
DA:506,0
DA:508,0
DA:510,0
DA:512,0
DA:513,0
DA:515,0
DA:516,0
DA:518,0
DA:520,0
DA:521,0
DA:523,0
DA:525,0
DA:526,0
DA:528,0
DA:530,0
DA:531,0
DA:532,0
DA:534,0
DA:535,0
DA:538,0
DA:540,0
DA:542,0
DA:544,0
DA:545,0
DA:547,0
DA:548,0
DA:549,0
DA:551,0
DA:553,0
DA:555,0
DA:557,0
DA:559,0
DA:561,0
DA:563,0
DA:564,0
DA:567,0
DA:569,0
DA:570,0
DA:572,0
DA:573,0
DA:574,0
DA:576,0
DA:577,0
DA:579,0
DA:580,0
DA:582,0
DA:584,0
DA:586,0
DA:587,0
DA:589,0
DA:590,0
DA:591,0
DA:593,0
DA:594,0
DA:597,0
DA:598,0
DA:600,0
DA:601,0
DA:604,0
DA:605,0
DA:606,0
DA:608,0
DA:609,0
DA:610,0
DA:611,0
DA:612,0
DA:614,0
DA:615,0
DA:617,0
DA:619,0
DA:621,0
DA:622,0
DA:624,0
DA:625,0
DA:626,0
DA:628,0
DA:630,0
DA:632,0
DA:634,0
DA:636,0
DA:637,0
DA:639,0
DA:641,0
DA:643,0
DA:644,0
DA:646,0
DA:648,0
DA:650,0
DA:652,0
DA:653,0
DA:655,0
DA:656,0
DA:658,0
DA:660,0
DA:662,0
DA:664,0
DA:665,0
DA:666,0
DA:668,0
DA:669,0
DA:670,0
DA:671,0
DA:673,0
DA:674,0
DA:675,0
DA:676,0
DA:677,0
LF:405
LH:0
end_of_record
SF:lib\generated\intl\messages_en.dart
DA:16,3
DA:21,0
DA:23,0
DA:25,0
DA:26,0
DA:28,0
DA:30,0
DA:33,2
DA:34,1
DA:36,1
DA:37,1
DA:38,1
DA:39,1
DA:42,1
DA:43,1
DA:45,1
DA:48,1
DA:49,1
DA:50,1
DA:51,1
DA:52,1
DA:55,1
DA:56,1
DA:59,1
DA:60,1
DA:61,1
DA:63,1
DA:64,1
DA:66,1
DA:67,1
DA:68,1
DA:69,1
DA:70,1
DA:71,1
DA:72,1
DA:74,1
DA:77,1
DA:78,1
DA:81,1
DA:83,1
DA:84,1
DA:86,1
DA:87,1
DA:88,1
DA:90,1
DA:93,1
DA:94,1
DA:97,1
DA:99,1
DA:100,1
DA:102,1
DA:103,1
DA:105,1
DA:108,1
DA:110,1
DA:111,1
DA:113,1
DA:114,1
DA:115,1
DA:116,1
DA:117,1
DA:119,1
DA:120,1
DA:123,1
DA:124,1
DA:125,1
DA:126,1
DA:128,1
DA:130,1
DA:132,1
DA:134,1
DA:137,1
DA:138,1
DA:139,1
DA:142,1
DA:144,1
DA:146,1
DA:147,1
DA:148,1
DA:149,1
DA:150,1
DA:151,1
DA:152,1
DA:153,1
DA:154,1
DA:155,1
DA:156,1
DA:158,1
DA:159,1
DA:160,1
DA:161,1
DA:162,1
DA:163,1
DA:165,1
DA:167,1
DA:169,1
DA:171,1
DA:172,1
DA:173,1
DA:174,1
DA:175,1
DA:177,1
DA:178,1
DA:180,1
DA:181,1
DA:182,1
DA:183,1
DA:184,1
DA:185,1
DA:187,1
DA:189,1
DA:191,1
DA:192,1
DA:193,1
DA:194,1
DA:197,1
DA:199,1
DA:201,1
DA:202,1
DA:204,1
DA:206,1
DA:208,1
DA:210,1
DA:212,1
DA:214,1
DA:216,1
DA:218,1
DA:220,1
DA:222,1
DA:225,1
DA:227,1
DA:229,1
DA:231,1
DA:232,1
DA:235,1
DA:238,1
DA:240,1
DA:242,1
DA:244,1
DA:245,1
DA:248,1
DA:250,1
DA:252,1
DA:253,1
DA:256,1
DA:258,1
DA:259,1
DA:262,1
DA:264,1
DA:266,1
DA:268,1
DA:270,1
DA:272,1
DA:274,1
DA:276,1
DA:277,1
DA:279,1
DA:281,1
DA:282,1
DA:284,1
DA:285,1
DA:286,1
DA:288,1
DA:290,1
DA:291,1
DA:292,1
DA:295,1
DA:297,1
DA:298,1
DA:300,1
DA:302,1
DA:304,1
DA:306,1
DA:308,1
DA:309,1
DA:311,1
DA:312,1
DA:313,1
DA:314,1
DA:315,1
DA:316,1
DA:318,1
DA:319,1
DA:320,1
DA:322,1
DA:323,1
DA:325,1
DA:326,1
DA:328,1
DA:329,1
DA:330,1
DA:331,1
DA:334,1
DA:335,1
DA:338,1
DA:340,1
DA:341,1
DA:343,1
DA:344,1
DA:345,1
DA:346,1
DA:347,1
DA:349,1
DA:351,1
DA:353,1
DA:354,1
DA:356,1
DA:357,1
DA:358,1
DA:359,1
DA:362,1
DA:364,1
DA:365,1
DA:366,1
DA:367,1
DA:368,1
DA:369,1
DA:370,1
DA:371,1
DA:373,1
DA:375,1
DA:376,1
DA:377,1
DA:378,1
DA:380,1
DA:381,1
DA:382,1
DA:383,1
DA:385,1
DA:386,1
DA:387,1
DA:388,1
DA:389,1
DA:391,1
DA:393,1
DA:394,1
DA:396,1
DA:397,1
DA:398,1
DA:400,1
DA:402,1
DA:404,1
DA:406,1
DA:408,1
DA:410,1
DA:411,1
DA:412,1
DA:413,1
DA:414,1
DA:415,1
DA:416,1
DA:417,1
DA:419,1
DA:420,1
DA:421,1
DA:422,1
DA:423,1
DA:424,1
DA:426,1
DA:428,1
DA:429,1
DA:432,1
DA:433,1
DA:435,1
DA:436,1
DA:438,1
DA:440,1
DA:441,1
DA:442,1
DA:444,1
DA:446,1
DA:447,1
DA:448,1
DA:449,1
DA:451,1
DA:452,1
DA:453,1
DA:454,1
DA:455,1
DA:457,1
DA:458,1
DA:461,1
DA:463,1
DA:465,1
DA:467,1
DA:469,1
DA:470,1
DA:473,1
DA:475,1
DA:476,1
DA:478,1
DA:479,1
DA:481,1
DA:482,1
DA:483,1
DA:484,1
DA:485,1
DA:487,1
DA:488,1
DA:490,1
DA:492,1
DA:494,1
DA:495,1
DA:496,1
DA:497,1
DA:499,1
DA:501,1
DA:502,1
DA:503,1
DA:505,1
DA:506,1
DA:508,1
DA:510,1
DA:511,1
DA:513,1
DA:515,1
DA:517,1
DA:518,1
DA:519,1
DA:520,1
DA:522,1
DA:523,1
DA:524,1
DA:527,1
DA:529,1
DA:531,1
DA:533,1
DA:534,1
DA:535,1
DA:536,1
DA:537,1
DA:539,1
DA:541,1
DA:543,1
DA:545,1
DA:547,1
DA:549,1
DA:551,1
DA:552,1
DA:554,1
DA:556,1
DA:558,1
DA:559,1
DA:560,1
DA:561,1
DA:563,1
DA:564,1
DA:566,1
DA:567,1
DA:569,1
DA:571,1
DA:573,1
DA:574,1
DA:576,1
DA:577,1
DA:578,1
DA:580,1
DA:581,1
DA:584,1
DA:585,1
DA:587,1
DA:588,1
DA:591,1
DA:592,1
DA:593,1
DA:595,1
DA:596,1
DA:597,1
DA:598,1
DA:599,1
DA:601,1
DA:602,1
DA:604,1
DA:606,1
DA:608,1
DA:610,1
DA:611,1
DA:612,1
DA:613,1
DA:615,1
DA:617,1
DA:619,1
DA:621,1
DA:623,1
DA:625,1
DA:626,1
DA:628,1
DA:630,1
DA:631,1
DA:633,1
DA:635,1
DA:637,1
DA:639,1
DA:641,1
DA:642,1
DA:644,1
DA:645,1
DA:647,1
DA:649,1
DA:651,1
DA:653,1
DA:654,1
DA:655,1
DA:656,1
DA:658,1
DA:660,1
DA:661,1
DA:662,1
DA:663,1
DA:665,1
DA:666,1
DA:667,1
DA:668,1
DA:669,1
LF:414
LH:408
end_of_record
SF:lib\generated\intl\messages_tr.dart
DA:16,0
DA:21,0
DA:23,0
DA:25,0
DA:26,0
DA:28,0
DA:30,0
DA:33,0
DA:34,0
DA:36,0
DA:37,0
DA:38,0
DA:39,0
DA:42,0
DA:43,0
DA:45,0
DA:48,0
DA:49,0
DA:50,0
DA:51,0
DA:52,0
DA:55,0
DA:56,0
DA:59,0
DA:60,0
DA:61,0
DA:63,0
DA:64,0
DA:66,0
DA:67,0
DA:68,0
DA:69,0
DA:70,0
DA:71,0
DA:72,0
DA:74,0
DA:77,0
DA:79,0
DA:81,0
DA:83,0
DA:84,0
DA:86,0
DA:87,0
DA:88,0
DA:90,0
DA:93,0
DA:94,0
DA:97,0
DA:99,0
DA:100,0
DA:102,0
DA:104,0
DA:107,0
DA:109,0
DA:110,0
DA:112,0
DA:113,0
DA:114,0
DA:115,0
DA:117,0
DA:118,0
DA:119,0
DA:122,0
DA:123,0
DA:124,0
DA:125,0
DA:127,0
DA:129,0
DA:131,0
DA:133,0
DA:136,0
DA:137,0
DA:138,0
DA:140,0
DA:142,0
DA:144,0
DA:146,0
DA:147,0
DA:148,0
DA:149,0
DA:150,0
DA:151,0
DA:152,0
DA:153,0
DA:154,0
DA:155,0
DA:156,0
DA:157,0
DA:158,0
DA:159,0
DA:160,0
DA:161,0
DA:163,0
DA:165,0
DA:167,0
DA:169,0
DA:170,0
DA:171,0
DA:172,0
DA:173,0
DA:174,0
DA:176,0
DA:178,0
DA:179,0
DA:181,0
DA:182,0
DA:183,0
DA:184,0
DA:186,0
DA:188,0
DA:190,0
DA:191,0
DA:192,0
DA:193,0
DA:195,0
DA:197,0
DA:200,0
DA:202,0
DA:204,0
DA:206,0
DA:208,0
DA:210,0
DA:212,0
DA:214,0
DA:216,0
DA:218,0
DA:220,0
DA:222,0
DA:225,0
DA:227,0
DA:229,0
DA:231,0
DA:232,0
DA:235,0
DA:238,0
DA:240,0
DA:242,0
DA:244,0
DA:245,0
DA:248,0
DA:250,0
DA:252,0
DA:253,0
DA:256,0
DA:258,0
DA:259,0
DA:262,0
DA:264,0
DA:266,0
DA:268,0
DA:270,0
DA:272,0
DA:274,0
DA:276,0
DA:277,0
DA:279,0
DA:281,0
DA:282,0
DA:284,0
DA:285,0
DA:287,0
DA:289,0
DA:291,0
DA:292,0
DA:293,0
DA:296,0
DA:298,0
DA:300,0
DA:301,0
DA:303,0
DA:305,0
DA:307,0
DA:309,0
DA:310,0
DA:311,0
DA:312,0
DA:313,0
DA:314,0
DA:315,0
DA:316,0
DA:318,0
DA:319,0
DA:320,0
DA:322,0
DA:323,0
DA:325,0
DA:326,0
DA:328,0
DA:329,0
DA:330,0
DA:331,0
DA:334,0
DA:335,0
DA:338,0
DA:340,0
DA:341,0
DA:343,0
DA:344,0
DA:345,0
DA:346,0
DA:347,0
DA:349,0
DA:351,0
DA:352,0
DA:353,0
DA:355,0
DA:357,0
DA:358,0
DA:359,0
DA:362,0
DA:364,0
DA:365,0
DA:366,0
DA:367,0
DA:368,0
DA:369,0
DA:370,0
DA:371,0
DA:373,0
DA:375,0
DA:376,0
DA:377,0
DA:378,0
DA:379,0
DA:380,0
DA:381,0
DA:383,0
DA:385,0
DA:386,0
DA:387,0
DA:388,0
DA:389,0
DA:391,0
DA:393,0
DA:394,0
DA:396,0
DA:397,0
DA:398,0
DA:400,0
DA:402,0
DA:404,0
DA:405,0
DA:407,0
DA:409,0
DA:410,0
DA:411,0
DA:412,0
DA:413,0
DA:414,0
DA:415,0
DA:416,0
DA:418,0
DA:419,0
DA:420,0
DA:421,0
DA:422,0
DA:423,0
DA:425,0
DA:427,0
DA:428,0
DA:431,0
DA:432,0
DA:434,0
DA:435,0
DA:437,0
DA:439,0
DA:440,0
DA:441,0
DA:443,0
DA:444,0
DA:445,0
DA:446,0
DA:447,0
DA:449,0
DA:450,0
DA:451,0
DA:452,0
DA:453,0
DA:455,0
DA:456,0
DA:459,0
DA:461,0
DA:463,0
DA:465,0
DA:467,0
DA:468,0
DA:471,0
DA:473,0
DA:474,0
DA:476,0
DA:477,0
DA:478,0
DA:480,0
DA:481,0
DA:482,0
DA:483,0
DA:485,0
DA:486,0
DA:488,0
DA:490,0
DA:491,0
DA:492,0
DA:493,0
DA:494,0
DA:496,0
DA:498,0
DA:499,0
DA:500,0
DA:502,0
DA:503,0
DA:505,0
DA:507,0
DA:508,0
DA:510,0
DA:512,0
DA:513,0
DA:515,0
DA:516,0
DA:517,0
DA:519,0
DA:520,0
DA:521,0
DA:524,0
DA:526,0
DA:528,0
DA:530,0
DA:531,0
DA:532,0
DA:533,0
DA:534,0
DA:536,0
DA:538,0
DA:540,0
DA:542,0
DA:544,0
DA:546,0
DA:547,0
DA:548,0
DA:550,0
DA:552,0
DA:554,0
DA:555,0
DA:556,0
DA:557,0
DA:558,0
DA:560,0
DA:561,0
DA:562,0
DA:564,0
DA:565,0
DA:567,0
DA:569,0
DA:570,0
DA:571,0
DA:572,0
DA:574,0
DA:575,0
DA:578,0
DA:579,0
DA:581,0
DA:582,0
DA:584,0
DA:586,0
DA:588,0
DA:590,0
DA:591,0
DA:592,0
DA:593,0
DA:594,0
DA:597,0
DA:598,0
DA:600,0
DA:601,0
DA:602,0
DA:603,0
DA:605,0
DA:606,0
DA:607,0
DA:609,0
DA:611,0
DA:613,0
DA:615,0
DA:617,0
DA:618,0
DA:620,0
DA:622,0
DA:624,0
DA:625,0
DA:627,0
DA:629,0
DA:631,0
DA:632,0
DA:634,0
DA:635,0
DA:637,0
DA:638,0
DA:640,0
DA:642,0
DA:644,0
DA:646,0
DA:647,0
DA:648,0
DA:649,0
DA:650,0
DA:652,0
DA:653,0
DA:654,0
DA:655,0
DA:657,0
DA:658,0
DA:659,0
DA:660,0
DA:661,0
LF:413
LH:0
end_of_record
SF:lib\core\utils\validator\input_validator.dart
DA:4,1
DA:15,0
DA:17,0
LF:3
LH:1
end_of_record
SF:lib\core\utils\calc\unit_calc.dart
DA:6,0
DA:7,0
DA:10,0
DA:11,0
DA:15,0
DA:16,0
DA:20,0
DA:21,0
DA:25,0
DA:26,0
DA:30,0
DA:31,0
DA:34,0
DA:35,0
DA:38,0
DA:39,0
DA:42,0
DA:43,0
DA:46,0
DA:47,0
DA:50,0
DA:52,0
DA:53,0
DA:54,0
DA:55,0
DA:61,0
DA:63,0
DA:64,0
DA:65,0
DA:66,0
DA:72,0
DA:74,0
DA:75,0
DA:76,0
DA:77,0
DA:83,0
DA:85,0
DA:86,0
DA:87,0
DA:88,0
LF:40
LH:0
end_of_record
SF:lib\core\utils\extensions.dart
DA:7,0
DA:9,0
DA:11,0
DA:12,0
DA:14,0
DA:16,0
DA:26,0
DA:27,0
DA:34,0
DA:35,0
DA:38,0
DA:44,0
DA:45,0
DA:46,0
DA:51,0
DA:55,0
DA:61,0
DA:66,0
DA:67,0
DA:68,0
DA:69,0
DA:71,0
LF:22
LH:0
end_of_record
SF:lib\features\add_meal\domain\entity\meal_entity.dart
DA:39,0
DA:45,0
DA:47,0
DA:49,1
DA:64,0
DA:65,0
DA:73,0
DA:76,2
DA:77,1
DA:78,1
DA:79,1
DA:80,1
DA:81,1
DA:82,1
DA:83,1
DA:84,1
DA:85,1
DA:86,1
DA:87,1
DA:89,2
DA:90,2
DA:92,0
DA:93,0
DA:94,0
DA:96,0
DA:97,0
DA:98,0
DA:99,0
DA:100,0
DA:101,0
DA:102,0
DA:103,0
DA:104,0
DA:105,0
DA:107,0
DA:111,0
DA:112,0
DA:114,0
DA:116,0
DA:117,0
DA:118,0
DA:119,0
DA:120,0
DA:121,0
DA:122,0
DA:123,0
DA:125,0
DA:129,0
DA:130,0
DA:132,0
DA:134,0
DA:135,0
DA:137,0
DA:140,0
DA:143,0
DA:144,0
DA:150,0
DA:155,0
DA:157,0
DA:158,0
DA:159,0
DA:160,0
DA:162,0
DA:170,0
DA:173,0
DA:182,0
DA:183,0
DA:192,1
DA:195,1
DA:198,1
DA:201,0
DA:204,0
LF:72
LH:18
end_of_record
SF:lib\features\add_meal\domain\entity\meal_nutriments_entity.dart
DA:19,0
DA:21,0
DA:23,0
DA:25,0
DA:27,3
DA:36,1
DA:45,1
DA:47,1
DA:48,1
DA:49,1
DA:50,1
DA:51,1
DA:52,1
DA:53,1
DA:54,1
DA:57,0
DA:62,0
DA:64,0
DA:66,0
DA:67,0
DA:68,0
DA:69,0
DA:71,0
DA:72,0
DA:75,0
DA:80,0
DA:81,0
DA:82,0
DA:84,0
DA:85,0
DA:86,0
DA:88,0
DA:89,0
DA:90,0
DA:93,0
DA:94,0
DA:95,0
DA:98,0
DA:99,0
DA:100,0
DA:103,0
DA:104,0
DA:105,0
DA:108,0
DA:109,0
DA:110,0
DA:113,0
DA:114,0
DA:115,0
DA:118,0
DA:119,0
DA:120,0
DA:122,0
DA:132,0
DA:134,0
DA:140,0
DA:142,0
LF:57
LH:11
end_of_record
SF:lib\core\data\data_source\intake_data_source.dart
DA:12,1
DA:14,1
DA:15,2
DA:16,2
DA:19,0
DA:20,0
DA:21,0
DA:24,0
DA:25,0
DA:26,0
DA:27,0
DA:28,0
DA:29,0
DA:30,0
DA:34,0
DA:35,0
DA:36,0
DA:37,0
DA:39,0
DA:42,0
DA:43,0
DA:44,0
DA:47,0
DA:48,0
DA:49,0
DA:53,0
DA:54,0
DA:57,0
DA:59,0
DA:60,0
DA:61,0
DA:62,0
DA:63,0
DA:66,1
DA:67,3
DA:71,7
DA:75,2
DA:76,3
DA:77,1
DA:79,2
LF:40
LH:11
end_of_record
SF:lib\core\data\dbo\intake_dbo.dart
DA:27,1
DA:35,1
DA:36,1
DA:37,1
DA:38,1
DA:39,1
DA:40,2
DA:41,2
DA:42,1
DA:45,0
DA:46,0
DA:48,0
LF:12
LH:9
end_of_record
SF:lib\core\data\dbo\intake_dbo.g.dart
DA:13,0
DA:15,0
DA:16,0
DA:17,0
DA:19,0
DA:20,0
DA:21,0
DA:22,0
DA:23,0
DA:24,0
DA:25,0
DA:29,1
DA:32,1
DA:33,1
DA:34,2
DA:35,1
DA:36,2
DA:37,1
DA:38,2
DA:39,1
DA:40,2
DA:41,1
DA:42,2
DA:43,1
DA:44,2
DA:47,0
DA:48,0
DA:50,0
DA:53,0
DA:54,0
DA:55,0
DA:62,0
DA:63,0
DA:64,0
DA:65,0
DA:66,0
DA:67,0
DA:68,0
DA:71,0
DA:72,0
DA:73,0
DA:74,0
DA:75,0
DA:76,0
DA:77,0
LF:45
LH:14
end_of_record
SF:lib\core\data\dbo\intake_type_dbo.g.dart
DA:13,0
DA:15,0
DA:16,0
DA:18,0
DA:20,0
DA:22,0
DA:29,1
DA:32,1
DA:33,1
DA:35,0
DA:36,0
DA:38,0
DA:39,0
DA:41,0
DA:42,0
DA:47,0
DA:48,0
DA:50,0
DA:53,0
DA:54,0
DA:55,0
LF:21
LH:3
end_of_record
SF:lib\core\data\dbo\intake_type_dbo.dart
DA:17,1
DA:20,1
DA:23,0
DA:26,0
DA:29,0
LF:5
LH:2
end_of_record
SF:lib\core\data\dbo\meal_dbo.g.dart
DA:13,0
DA:15,0
DA:16,0
DA:17,0
DA:19,0
DA:20,0
DA:21,0
DA:22,0
DA:23,0
DA:24,0
DA:25,0
DA:26,0
DA:27,0
DA:28,0
DA:29,0
DA:30,0
DA:31,0
DA:32,0
DA:36,1
DA:39,1
DA:40,1
DA:41,2
DA:42,1
DA:43,2
DA:44,1
DA:45,2
DA:46,1
DA:47,2
DA:48,1
DA:49,2
DA:50,1
DA:51,2
DA:52,1
DA:53,2
DA:54,1
DA:55,2
DA:56,1
DA:57,2
DA:58,1
DA:59,2
DA:60,1
DA:61,2
DA:62,1
DA:63,2
DA:64,1
DA:65,2
DA:68,0
DA:69,0
DA:71,0
DA:74,0
DA:75,0
DA:76,0
DA:83,0
DA:85,0
DA:86,0
DA:88,0
DA:90,0
DA:92,0
DA:99,1
DA:102,1
DA:103,0
DA:105,1
DA:106,1
DA:108,0
DA:109,0
DA:111,0
DA:112,0
DA:117,0
DA:118,0
DA:120,0
DA:123,0
DA:124,0
DA:125,0
DA:132,0
DA:133,0
DA:134,0
DA:135,0
DA:136,0
DA:137,0
DA:138,0
DA:139,0
DA:140,0
DA:141,0
DA:142,0
DA:143,0
DA:144,0
DA:145,0
DA:146,0
DA:149,0
DA:150,0
DA:151,0
DA:152,0
DA:153,0
DA:154,0
DA:155,0
DA:156,0
DA:157,0
DA:158,0
DA:159,0
DA:160,0
DA:161,0
DA:162,0
LF:102
LH:32
end_of_record
SF:lib\core\data\dbo\meal_dbo.dart
DA:45,1
DA:60,2
DA:61,1
DA:62,1
DA:63,1
DA:64,1
DA:65,1
DA:66,1
DA:67,1
DA:68,1
DA:69,1
DA:70,1
DA:71,1
DA:73,2
DA:74,2
DA:77,0
DA:78,0
DA:80,0
DA:94,1
DA:97,1
DA:100,1
DA:103,0
DA:106,0
LF:23
LH:18
end_of_record
SF:lib\core\data\dbo\meal_nutriments_dbo.dart
DA:25,1
DA:34,1
DA:36,1
DA:37,1
DA:38,1
DA:39,1
DA:40,1
DA:41,1
DA:42,1
DA:43,1
DA:46,0
DA:47,0
DA:49,0
LF:13
LH:10
end_of_record
SF:lib\core\data\dbo\meal_nutriments_dbo.g.dart
DA:13,0
DA:15,0
DA:16,0
DA:17,0
DA:19,0
DA:20,0
DA:21,0
DA:22,0
DA:23,0
DA:24,0
DA:25,0
DA:26,0
DA:30,1
DA:33,1
DA:34,1
DA:35,2
DA:36,1
DA:37,2
DA:38,1
DA:39,2
DA:40,1
DA:41,2
DA:42,1
DA:43,2
DA:44,1
DA:45,2
DA:46,1
DA:47,2
DA:50,0
DA:51,0
DA:53,0
DA:56,0
DA:57,0
DA:58,0
DA:65,0
DA:66,0
DA:67,0
DA:68,0
DA:69,0
DA:70,0
DA:71,0
DA:72,0
DA:73,0
DA:76,0
DA:77,0
DA:78,0
DA:79,0
DA:80,0
DA:81,0
DA:82,0
DA:83,0
DA:84,0
LF:52
LH:16
end_of_record
SF:lib\core\data\repository\intake_repository.dart
DA:10,1
DA:12,1
DA:13,1
DA:15,2
DA:18,0
DA:19,0
DA:22,0
DA:23,0
DA:26,0
DA:28,0
DA:29,0
DA:32,0
DA:33,0
DA:36,0
DA:38,0
DA:39,0
DA:42,0
DA:43,0
DA:46,1
DA:47,2
DA:50,3
DA:51,1
DA:54,0
DA:55,0
DA:56,0
LF:25
LH:8
end_of_record
SF:lib\core\domain\entity\intake_entity.dart
DA:15,1
DA:23,1
DA:24,1
DA:25,1
DA:26,1
DA:27,1
DA:28,2
DA:29,2
DA:30,1
DA:33,0
DA:35,0
DA:36,0
DA:38,0
DA:40,0
DA:41,0
DA:43,0
DA:44,0
LF:17
LH:9
end_of_record
SF:lib\core\domain\entity\intake_type_entity.dart
DA:11,1
DA:14,1
DA:17,0
DA:20,0
DA:23,0
DA:30,0
DA:33,0
DA:36,0
DA:39,0
DA:42,0
LF:10
LH:2
end_of_record
SF:lib\core\utils\custom_icons.dart
DA:26,0
LF:1
LH:0
end_of_record
SF:lib\core\utils\id_generator.dart
DA:6,0
LF:1
LH:0
end_of_record
SF:lib\core\utils\supported_language.dart
DA:5,0
DA:6,0
DA:8,0
DA:10,0
LF:4
LH:0
end_of_record
SF:lib\features\add_meal\data\dto\fdc\fdc_const.dart
DA:155,0
DA:159,0
DA:160,0
DA:161,0
DA:166,0
DA:168,0
DA:169,0
DA:172,0
DA:177,0
LF:9
LH:0
end_of_record
SF:lib\features\add_meal\data\dto\fdc\fdc_food_dto.dart
DA:21,0
DA:32,0
DA:33,0
DA:35,0
LF:4
LH:0
end_of_record
SF:lib\features\add_meal\data\dto\fdc\fdc_food_dto.g.dart
DA:9,0
DA:10,0
DA:11,0
DA:12,0
DA:13,0
DA:14,0
DA:15,0
DA:16,0
DA:17,0
DA:18,0
DA:19,0
DA:20,0
DA:23,0
DA:24,0
DA:25,0
DA:26,0
DA:27,0
DA:28,0
DA:29,0
DA:30,0
DA:31,0
DA:32,0
DA:33,0
LF:23
LH:0
end_of_record
SF:lib\features\add_meal\data\dto\fdc\fdc_food_nutriment_dto.dart
DA:12,0
DA:14,0
DA:15,0
DA:17,0
LF:4
LH:0
end_of_record
SF:lib\features\add_meal\data\dto\fdc\fdc_food_nutriment_dto.g.dart
DA:9,0
DA:10,0
DA:11,0
DA:12,0
DA:15,0
DA:17,0
DA:18,0
DA:19,0
LF:8
LH:0
end_of_record
SF:lib\features\add_meal\data\dto\fdc_sp\sp_const.dart
DA:23,0
DA:25,0
DA:27,0
LF:3
LH:0
end_of_record
SF:lib\features\add_meal\data\dto\fdc_sp\sp_fdc_food_dto.dart
DA:26,0
DA:28,0
DA:29,0
DA:30,0
DA:31,0
DA:35,0
DA:36,0
DA:37,0
DA:38,0
DA:39,0
DA:41,0
DA:42,0
DA:43,0
DA:44,0
DA:45,0
DA:46,0
DA:48,0
DA:51,0
DA:52,0
DA:53,0
DA:54,0
DA:55,0
DA:57,0
DA:64,0
DA:65,0
DA:67,0
LF:26
LH:0
end_of_record
SF:lib\features\add_meal\data\dto\fdc_sp\sp_fdc_food_dto.g.dart
DA:9,0
DA:10,0
DA:11,0
DA:12,0
DA:13,0
DA:14,0
DA:15,0
DA:16,0
DA:17,0
DA:18,0
DA:21,0
DA:22,0
DA:23,0
DA:24,0
DA:25,0
DA:26,0
DA:27,0
LF:17
LH:0
end_of_record
SF:lib\features\add_meal\data\dto\fdc_sp\sp_fdc_portion_dto.dart
DA:14,0
DA:19,0
DA:20,0
DA:22,0
LF:4
LH:0
end_of_record
SF:lib\features\add_meal\data\dto\fdc_sp\sp_fdc_portion_dto.g.dart
DA:9,0
DA:10,0
DA:11,0
DA:12,0
DA:13,0
DA:16,0
DA:17,0
DA:18,0
DA:19,0
DA:20,0
LF:10
LH:0
end_of_record
SF:lib\features\add_meal\data\dto\off\off_product_dto.dart
DA:34,0
DA:37,0
DA:38,0
DA:40,0
DA:41,0
DA:46,0
DA:48,0
DA:53,0
DA:72,0
DA:73,0
DA:75,0
LF:11
LH:0
end_of_record
SF:lib\features\add_meal\data\dto\off\off_product_dto.g.dart
DA:9,0
DA:10,0
DA:11,0
DA:12,0
DA:13,0
DA:14,0
DA:15,0
DA:16,0
DA:17,0
DA:18,0
DA:19,0
DA:20,0
DA:21,0
DA:22,0
DA:23,0
DA:24,0
DA:25,0
DA:26,0
DA:27,0
DA:28,0
DA:31,0
DA:32,0
DA:33,0
DA:34,0
DA:35,0
DA:36,0
DA:37,0
DA:38,0
DA:39,0
DA:40,0
DA:41,0
DA:42,0
DA:43,0
DA:44,0
DA:45,0
DA:46,0
DA:47,0
DA:48,0
DA:49,0
LF:39
LH:0
end_of_record
SF:lib\features\add_meal\data\dto\off\off_product_nutriments_dto.dart
DA:63,0
DA:101,0
DA:102,0
DA:104,0
LF:4
LH:0
end_of_record
SF:lib\features\add_meal\data\dto\off\off_product_nutriments_dto.g.dart
DA:9,0
DA:11,0
DA:12,0
DA:13,0
DA:14,0
DA:15,0
DA:16,0
DA:17,0
DA:18,0
DA:21,0
DA:23,0
DA:24,0
DA:25,0
DA:26,0
DA:27,0
DA:28,0
DA:29,0
DA:30,0
LF:18
LH:0
end_of_record
SF:lib\core\domain\entity\physical_activity_entity.dart
DA:17,0
DA:23,1
DA:26,0
DA:27,0
DA:29,0
DA:30,0
DA:31,0
DA:32,0
DA:33,0
DA:34,0
DA:35,0
DA:36,0
DA:37,0
DA:38,0
DA:39,0
DA:40,0
DA:41,0
DA:42,0
DA:43,0
DA:44,0
DA:45,0
DA:46,0
DA:47,0
DA:48,0
DA:49,0
DA:50,0
DA:51,0
DA:52,0
DA:53,0
DA:54,0
DA:55,0
DA:56,0
DA:57,0
DA:58,0
DA:59,0
DA:60,0
DA:61,0
DA:62,0
DA:63,0
DA:64,0
DA:65,0
DA:66,0
DA:67,0
DA:68,0
DA:69,0
DA:70,0
DA:71,0
DA:72,0
DA:73,0
DA:74,0
DA:75,0
DA:76,0
DA:77,0
DA:78,0
DA:79,0
DA:80,0
DA:81,0
DA:82,0
DA:83,0
DA:84,0
DA:85,0
DA:86,0
DA:87,0
DA:88,0
DA:89,0
DA:90,0
DA:91,0
DA:92,0
DA:93,0
DA:94,0
DA:95,0
DA:96,0
DA:97,0
DA:98,0
DA:99,0
DA:100,0
DA:101,0
DA:102,0
DA:103,0
DA:104,0
DA:105,0
DA:106,0
DA:107,0
DA:108,0
DA:109,0
DA:110,0
DA:111,0
DA:112,0
DA:113,0
DA:114,0
DA:115,0
DA:116,0
DA:117,0
DA:118,0
DA:119,0
DA:120,0
DA:121,0
DA:122,0
DA:124,0
DA:127,0
DA:128,0
DA:129,0
DA:130,0
DA:131,0
DA:132,0
DA:133,0
DA:134,0
DA:135,0
DA:136,0
DA:137,0
DA:138,0
DA:139,0
DA:140,0
DA:141,0
DA:142,0
DA:143,0
DA:144,0
DA:145,0
DA:146,0
DA:147,0
DA:148,0
DA:149,0
DA:150,0
DA:151,0
DA:152,0
DA:153,0
DA:154,0
DA:155,0
DA:156,0
DA:157,0
DA:158,0
DA:159,0
DA:160,0
DA:161,0
DA:162,0
DA:163,0
DA:164,0
DA:165,0
DA:166,0
DA:167,0
DA:168,0
DA:169,0
DA:170,0
DA:171,0
DA:172,0
DA:173,0
DA:174,0
DA:175,0
DA:176,0
DA:177,0
DA:178,0
DA:179,0
DA:180,0
DA:181,0
DA:182,0
DA:183,0
DA:184,0
DA:185,0
DA:186,0
DA:187,0
DA:188,0
DA:189,0
DA:190,0
DA:191,0
DA:192,0
DA:193,0
DA:194,0
DA:195,0
DA:196,0
DA:197,0
DA:198,0
DA:199,0
DA:200,0
DA:201,0
DA:202,0
DA:203,0
DA:204,0
DA:205,0
DA:206,0
DA:207,0
DA:208,0
DA:209,0
DA:210,0
DA:211,0
DA:212,0
DA:213,0
DA:214,0
DA:215,0
DA:216,0
DA:217,0
DA:218,0
DA:219,0
DA:220,0
DA:222,0
DA:225,0
DA:227,0
DA:228,0
DA:231,0
DA:234,0
DA:237,0
DA:240,0
DA:243,0
DA:246,0
DA:249,0
DA:252,0
DA:255,0
DA:258,0
DA:261,0
DA:264,0
DA:267,0
DA:270,0
DA:273,0
DA:276,0
DA:279,0
DA:282,0
DA:285,0
DA:288,0
DA:291,0
DA:294,0
DA:297,0
DA:300,0
DA:303,0
DA:306,0
DA:309,0
DA:312,0
DA:315,0
DA:318,0
DA:321,0
DA:324,0
DA:327,0
DA:330,0
DA:333,0
DA:336,0
DA:339,0
DA:342,0
DA:345,0
DA:348,0
DA:351,0
DA:354,0
DA:357,0
DA:360,0
DA:363,0
DA:366,0
DA:369,0
DA:372,0
DA:375,0
DA:378,0
DA:381,0
DA:384,0
DA:387,0
DA:390,0
DA:393,0
DA:396,0
DA:399,0
DA:402,0
DA:405,0
DA:408,0
DA:411,0
DA:414,0
DA:417,0
DA:420,0
DA:423,0
DA:426,0
DA:429,0
DA:432,0
DA:435,0
DA:438,0
DA:441,0
DA:444,0
DA:447,0
DA:450,0
DA:453,0
DA:456,0
DA:459,0
DA:462,0
DA:465,0
DA:468,0
DA:471,0
DA:474,0
DA:483,0
DA:485,0
DA:486,0
DA:487,0
DA:488,0
DA:489,0
DA:490,0
DA:491,0
DA:492,0
DA:496,0
DA:499,0
DA:500,0
DA:502,0
DA:503,0
DA:505,0
DA:506,0
DA:508,0
DA:509,0
DA:511,0
DA:512,0
DA:514,0
DA:515,0
DA:517,0
DA:518,0
DA:524,0
DA:527,0
DA:530,0
DA:533,0
DA:536,0
DA:539,0
DA:542,0
DA:545,0
DA:562,0
DA:566,0
DA:569,0
DA:572,0
DA:575,0
DA:578,0
DA:581,0
DA:584,0
LF:319
LH:1
end_of_record
SF:lib\core\utils\calc\met_calc.dart
DA:10,1
DA:12,5
LF:2
LH:2
end_of_record
SF:lib\core\data\dbo\physical_activity_dbo.dart
DA:29,0
DA:32,0
DA:34,0
DA:35,0
DA:36,0
DA:37,0
DA:38,0
DA:39,0
DA:40,0
DA:43,0
DA:44,0
DA:46,0
DA:66,0
DA:70,0
DA:73,0
DA:76,0
DA:79,0
DA:82,0
DA:85,0
DA:88,0
LF:20
LH:0
end_of_record
SF:lib\core\data\dbo\physical_activity_dbo.g.dart
DA:13,0
DA:15,0
DA:16,0
DA:17,0
DA:19,0
DA:20,0
DA:21,0
DA:22,0
DA:23,0
DA:24,0
DA:25,0
DA:29,0
DA:32,0
DA:33,0
DA:34,0
DA:35,0
DA:36,0
DA:37,0
DA:38,0
DA:39,0
DA:40,0
DA:41,0
DA:42,0
DA:43,0
DA:44,0
DA:47,0
DA:48,0
DA:50,0
DA:53,0
DA:54,0
DA:55,0
DA:63,0
DA:65,0
DA:66,0
DA:68,0
DA:70,0
DA:72,0
DA:74,0
DA:76,0
DA:78,0
DA:85,0
DA:88,0
DA:89,0
DA:91,0
DA:92,0
DA:94,0
DA:95,0
DA:97,0
DA:98,0
DA:100,0
DA:101,0
DA:103,0
DA:104,0
DA:106,0
DA:107,0
DA:112,0
DA:113,0
DA:115,0
DA:118,0
DA:119,0
DA:120,0
DA:127,0
DA:128,0
DA:129,0
DA:130,0
DA:131,0
DA:132,0
DA:133,0
DA:134,0
DA:137,0
DA:139,0
DA:140,0
DA:141,0
DA:142,0
DA:143,0
DA:144,0
DA:145,0
LF:77
LH:0
end_of_record
SF:lib\features\home\presentation\widgets\dashboard_widget.dart
DA:19,1
DA:32,1
DA:33,1
DA:37,1
DA:41,5
DA:42,0
DA:44,3
DA:48,2
DA:49,6
DA:50,2
DA:52,1
DA:54,1
DA:56,1
DA:58,1
DA:61,1
DA:62,1
DA:64,1
DA:65,1
DA:66,1
DA:67,1
DA:69,3
DA:71,5
DA:72,1
DA:73,1
DA:74,1
DA:75,1
DA:77,3
DA:78,3
DA:79,1
DA:80,1
DA:81,1
DA:82,1
DA:84,3
DA:87,1
DA:93,3
DA:95,4
DA:96,1
DA:98,1
DA:99,1
DA:101,1
DA:102,1
DA:103,1
DA:104,1
DA:105,1
DA:107,3
DA:109,1
DA:110,2
DA:111,1
DA:112,1
DA:113,1
DA:114,1
DA:116,3
DA:122,1
DA:123,1
DA:124,1
DA:125,3
DA:126,5
DA:127,1
DA:128,1
DA:129,1
DA:130,1
DA:132,3
DA:133,3
DA:134,1
DA:135,1
DA:136,1
DA:137,1
DA:139,3
DA:144,1
DA:145,2
DA:146,2
DA:147,2
DA:148,2
DA:149,2
DA:150,2
LF:75
LH:74
end_of_record
SF:lib\features\home\presentation\widgets\macro_nutriments_widget.dart
DA:13,1
DA:22,1
DA:23,1
DA:27,1
DA:29,1
DA:31,1
DA:32,1
DA:33,1
DA:34,1
DA:38,1
DA:39,4
DA:40,3
DA:42,4
DA:45,1
DA:47,1
DA:48,1
DA:49,1
DA:50,7
DA:51,4
DA:53,3
DA:55,1
DA:56,2
DA:57,4
DA:59,3
DA:66,1
DA:67,1
DA:68,1
DA:72,1
DA:73,4
DA:74,3
DA:76,4
DA:79,1
DA:81,1
DA:82,1
DA:83,1
DA:84,7
DA:85,4
DA:87,3
DA:89,3
DA:90,4
DA:91,1
DA:92,1
DA:93,1
DA:99,1
DA:100,1
DA:101,1
DA:105,1
DA:106,4
DA:107,3
DA:109,4
DA:112,1
DA:114,1
DA:115,1
DA:116,1
DA:117,7
DA:118,4
DA:120,3
DA:122,1
DA:123,2
DA:124,4
DA:126,3
DA:137,1
DA:138,2
DA:140,1
DA:143,1
LF:65
LH:65
end_of_record
